<?xml version="1.0" encoding="UTF-8"?>
<!-- Generated by org.testng.reporters.JUnitXMLReporter -->
<testsuite hostname="Arjun-PC" name="Firefox" tests="7" failures="0" timestamp="14 Mar 2017 04:42:39 GMT" time="249.575" errors="0">
  <testcase name="valid_Login" time="11.636" classname="Testscript.script_Login"/>
  <testcase name="invalid_Login" time="6.954" classname="Testscript.script_Login"/>
  <testcase name="invalid_Login" time="4.359" classname="Testscript.script_Login"/>
  <testcase name="invalid_Login" time="23.124" classname="Testscript.script_Login"/>
  <testcase name="invalid_Login" time="16.008" classname="Testscript.script_Login"/>
  <testcase name="ValidSearch" time="15.897" classname="Testscript.script_Search"/>
  <testcase name="Invalid_Search" time="27.766" classname="Testscript.script_Search"/>
</testsuite> <!-- Firefox -->
