<?xml version="1.0" encoding="UTF-8"?>
<testng-results skipped="0" failed="0" total="2" passed="2">
  <reporter-output>
  </reporter-output>
  <suite name="Suite" duration-ms="37064" started-at="2017-04-04T12:12:22Z" finished-at="2017-04-04T12:12:59Z">
    <groups>
      <group name="Smk">
        <method signature="script_Login.valid_Login(java.util.Map)[pri:1, instance:Testscript.script_Login@62ee68d8]" name="valid_Login" class="Testscript.script_Login"/>
        <method signature="script_Search.Invalid_Search(java.util.Map)[pri:4, instance:Testscript.script_Search@735b5592]" name="Invalid_Search" class="Testscript.script_Search"/>
      </group> <!-- Smk -->
      <group name="Reg">
        <method signature="script_Search.Invalid_Search(java.util.Map)[pri:4, instance:Testscript.script_Search@735b5592]" name="Invalid_Search" class="Testscript.script_Search"/>
      </group> <!-- Reg -->
    </groups>
    <test name="Test" duration-ms="37064" started-at="2017-04-04T12:12:22Z" finished-at="2017-04-04T12:12:59Z">
      <class name="Testscript.script_Login">
        <test-method status="PASS" signature="create_Report()[pri:0, instance:Testscript.script_Login@62ee68d8]" name="create_Report" is-config="true" duration-ms="127" started-at="2017-04-04T17:42:22Z" finished-at="2017-04-04T17:42:22Z">
          <reporter-output>
          </reporter-output>
        </test-method> <!-- create_Report -->
        <test-method status="PASS" signature="launchApp(java.lang.String)[pri:0, instance:Testscript.script_Login@62ee68d8]" name="launchApp" is-config="true" duration-ms="7599" started-at="2017-04-04T17:42:23Z" finished-at="2017-04-04T17:42:30Z">
          <params>
            <param index="0">
              <value>
                <![CDATA[ff]]>
              </value>
            </param>
          </params>
          <reporter-output>
          </reporter-output>
        </test-method> <!-- launchApp -->
        <test-method status="PASS" signature="valid_Login(java.util.Map)[pri:1, instance:Testscript.script_Login@62ee68d8]" name="valid_Login" duration-ms="3427" started-at="2017-04-04T17:42:30Z" data-provider="validLogin" finished-at="2017-04-04T17:42:34Z">
          <params>
            <param index="0">
              <value>
                <![CDATA[{Order=1.0, Script=ValidLogin, TC_ID=GB_07, Execute=Y, pwd=learn123, exp_msg=qtpworld2008, username=qtpworld2008@gmail.com}]]>
              </value>
            </param>
          </params>
          <reporter-output>
          </reporter-output>
        </test-method> <!-- valid_Login -->
        <test-method status="PASS" signature="cloaseApp()[pri:0, instance:Testscript.script_Login@62ee68d8]" name="cloaseApp" is-config="true" duration-ms="536" started-at="2017-04-04T17:42:34Z" finished-at="2017-04-04T17:42:34Z">
          <reporter-output>
          </reporter-output>
        </test-method> <!-- cloaseApp -->
      </class> <!-- Testscript.script_Login -->
      <class name="Testscript.script_Search">
        <test-method status="PASS" signature="launchApp(java.lang.String)[pri:0, instance:Testscript.script_Search@735b5592]" name="launchApp" is-config="true" duration-ms="6168" started-at="2017-04-04T17:42:34Z" finished-at="2017-04-04T17:42:41Z">
          <params>
            <param index="0">
              <value>
                <![CDATA[ff]]>
              </value>
            </param>
          </params>
          <reporter-output>
          </reporter-output>
        </test-method> <!-- launchApp -->
        <test-method status="PASS" signature="Invalid_Search(java.util.Map)[pri:4, instance:Testscript.script_Search@735b5592]" name="Invalid_Search" duration-ms="18153" started-at="2017-04-04T17:42:41Z" data-provider="invalidSearch" finished-at="2017-04-04T17:42:59Z">
          <params>
            <param index="0">
              <value>
                <![CDATA[{Order=1.0, searchtext=sdlk, Script=InvalidSearch, Uname=qtpworld2008@gmail.com, Expected=Sorry..'sdlk' does not match any product on Rediff Books., password=learn123, TC_ID=GB_08, Execute=Y}]]>
              </value>
            </param>
          </params>
          <reporter-output>
          </reporter-output>
        </test-method> <!-- Invalid_Search -->
        <test-method status="PASS" signature="cloaseApp()[pri:0, instance:Testscript.script_Search@735b5592]" name="cloaseApp" is-config="true" duration-ms="109" started-at="2017-04-04T17:42:59Z" finished-at="2017-04-04T17:42:59Z">
          <reporter-output>
          </reporter-output>
        </test-method> <!-- cloaseApp -->
      </class> <!-- Testscript.script_Search -->
    </test> <!-- Test -->
  </suite> <!-- Suite -->
</testng-results>
